--- Copying files at Mon Dec 12 08:53:20 UTC 2022
--- Copying files at Mon Dec 12 08:55:08 UTC 2022
--- Copying files at Mon Dec 12 10:11:20 UTC 2022
--- Copying files at Mon Dec 12 10:11:25 UTC 2022
--- Copying files at Tue Dec 13 03:05:27 UTC 2022
--- Copying files at Tue Dec 13 08:20:33 UTC 2022
--- Copying files at Tue Dec 13 12:11:47 UTC 2022
--- Copying files at Wed Dec 14 14:09:09 UTC 2022
--- Copying files at Thu Dec 15 01:40:58 UTC 2022
--- Copying files at Fri Dec 16 00:47:33 UTC 2022
--- Copying files at Fri Dec 16 01:20:44 UTC 2022
--- Copying files at Fri Dec 16 02:20:13 UTC 2022
--- Copying files at Thu Jan 12 01:10:12 UTC 2023
--- Copying files at Thu Jan 12 06:43:10 UTC 2023
--- Copying files at Thu Jan 12 06:50:46 UTC 2023
--- Copying files at Mon Feb 13 02:34:22 UTC 2023
--- Copying files at Mon Feb 13 06:31:30 UTC 2023
--- Copying files at Mon Feb 13 06:35:43 UTC 2023
--- Copying files at Mon Feb 13 07:52:35 UTC 2023
--- Copying files at Wed Feb 15 03:00:20 UTC 2023
--- Copying files at Wed Feb 15 06:19:43 UTC 2023
--- Copying files at Wed Feb 15 07:18:53 UTC 2023
--- Copying files at Fri Feb 17 10:12:18 UTC 2023
--- Copying files at Fri Feb 17 14:06:14 UTC 2023
--- Copying files at Fri Feb 17 16:33:10 UTC 2023
--- Copying files at Sat Feb 18 03:20:00 UTC 2023
--- Copying files at Sat Feb 18 03:48:00 UTC 2023
--- Copying files at Sat Feb 18 05:15:52 UTC 2023
--- Copying files at Sat Feb 18 14:42:22 UTC 2023
--- Copying files at Sat Feb 18 15:11:51 UTC 2023
--- Copying files at Sat Feb 18 15:27:30 UTC 2023
--- Copying files at Sun Feb 19 07:19:27 UTC 2023
--- Copying files at Sun Feb 19 12:59:26 UTC 2023
--- Copying files at Mon Feb 20 07:18:17 UTC 2023
--- Copying files at Mon Feb 20 14:58:14 UTC 2023
